2021-10-25 11:03:26.055  INFO 11336 --- [main] tn.esprit.spring.ClientMsApplication     : Starting ClientMsApplication using Java 1.8.0_60 on LAPTOP-L08N06DS with PID 11336 (C:\Users\eyabe\Documents\GitHub\Client-ms\target\classes started by eyabe in C:\Users\eyabe\Documents\GitHub\Client-ms)
2021-10-25 11:03:26.062  INFO 11336 --- [main] tn.esprit.spring.ClientMsApplication     : No active profile set, falling back to default profiles: default
2021-10-25 11:03:26.123  INFO 11336 --- [main] o.s.b.context.config.ConfigDataLoader    : Fetching config from server at : http://localhost:8081/
2021-10-25 11:03:26.123  INFO 11336 --- [main] o.s.b.context.config.ConfigDataLoader    : Connect Timeout Exception on Url - http://localhost:8081/. Will be trying the next url if available
2021-10-25 11:03:26.123  WARN 11336 --- [main] o.s.b.context.config.ConfigDataLoader    : Could not locate PropertySource ([ConfigServerConfigDataResource@6a55299e uris = array<String>['http://localhost:8081/'], optional = true, profiles = list['default']]): I/O error on GET request for "http://localhost:8081/client-ms/default": Connection refused: connect; nested exception is java.net.ConnectException: Connection refused: connect
2021-10-25 11:03:26.893  INFO 11336 --- [main] .s.d.r.c.RepositoryConfigurationDelegate : Multiple Spring Data modules found, entering strict repository configuration mode!
2021-10-25 11:03:26.894  INFO 11336 --- [main] .s.d.r.c.RepositoryConfigurationDelegate : Bootstrapping Spring Data JPA repositories in DEFAULT mode.
2021-10-25 11:03:27.109  INFO 11336 --- [main] .s.d.r.c.RepositoryConfigurationDelegate : Finished Spring Data repository scanning in 205 ms. Found 1 JPA repository interfaces.
2021-10-25 11:03:27.584  INFO 11336 --- [main] .s.d.r.c.RepositoryConfigurationDelegate : Multiple Spring Data modules found, entering strict repository configuration mode!
2021-10-25 11:03:27.585  INFO 11336 --- [main] .s.d.r.c.RepositoryConfigurationDelegate : Bootstrapping Spring Data JDBC repositories in DEFAULT mode.
2021-10-25 11:03:27.593  INFO 11336 --- [main] .RepositoryConfigurationExtensionSupport : Spring Data JDBC - Could not safely identify store assignment for repository candidate interface tn.esprit.spring.repository.ClientRepository. If you want this repository to be a JDBC repository, consider annotating your entities with one of these annotations: org.springframework.data.relational.core.mapping.Table.
2021-10-25 11:03:27.593  INFO 11336 --- [main] .s.d.r.c.RepositoryConfigurationDelegate : Finished Spring Data repository scanning in 8 ms. Found 0 JDBC repository interfaces.
2021-10-25 11:03:28.136  INFO 11336 --- [main] o.s.cloud.context.scope.GenericScope     : BeanFactory id=7ae19f9f-142c-33a8-9701-6d39ae6617c7
2021-10-25 11:03:28.879  INFO 11336 --- [main] o.s.b.w.embedded.tomcat.TomcatWebServer  : Tomcat initialized with port(s): 8081 (http)
2021-10-25 11:03:28.897  INFO 11336 --- [main] o.apache.catalina.core.StandardService   : Starting service [Tomcat]
2021-10-25 11:03:28.897  INFO 11336 --- [main] org.apache.catalina.core.StandardEngine  : Starting Servlet engine: [Apache Tomcat/9.0.54]
2021-10-25 11:03:29.076  INFO 11336 --- [main] o.a.c.c.C.[Tomcat].[localhost].[/]       : Initializing Spring embedded WebApplicationContext
2021-10-25 11:03:29.076  INFO 11336 --- [main] w.s.c.ServletWebServerApplicationContext : Root WebApplicationContext: initialization completed in 2951 ms
2021-10-25 11:03:29.921  INFO 11336 --- [main] o.hibernate.jpa.internal.util.LogHelper  : HHH000204: Processing PersistenceUnitInfo [name: default]
2021-10-25 11:03:29.996  INFO 11336 --- [main] org.hibernate.Version                    : HHH000412: Hibernate ORM core version 5.4.32.Final
2021-10-25 11:03:30.165  INFO 11336 --- [main] o.hibernate.annotations.common.Version   : HCANN000001: Hibernate Commons Annotations {5.1.2.Final}
2021-10-25 11:03:30.327  INFO 11336 --- [main] com.zaxxer.hikari.HikariDataSource       : HikariPool-1 - Starting...
2021-10-25 11:03:30.549  INFO 11336 --- [main] com.zaxxer.hikari.HikariDataSource       : HikariPool-1 - Start completed.
2021-10-25 11:03:30.572  INFO 11336 --- [main] org.hibernate.dialect.Dialect            : HHH000400: Using dialect: org.hibernate.dialect.MySQL5InnoDBDialect
2021-10-25 11:03:31.464  INFO 11336 --- [main] o.h.e.t.j.p.i.JtaPlatformInitiator       : HHH000490: Using JtaPlatform implementation: [org.hibernate.engine.transaction.jta.platform.internal.NoJtaPlatform]
2021-10-25 11:03:31.476  INFO 11336 --- [main] j.LocalContainerEntityManagerFactoryBean : Initialized JPA EntityManagerFactory for persistence unit 'default'
2021-10-25 11:03:32.261  WARN 11336 --- [main] JpaBaseConfiguration$JpaWebConfiguration : spring.jpa.open-in-view is enabled by default. Therefore, database queries may be performed during view rendering. Explicitly configure spring.jpa.open-in-view to disable this warning
2021-10-25 11:03:34.870  INFO 11336 --- [main] DiscoveryClientOptionalArgsConfiguration : Eureka HTTP Client uses RestTemplate.
2021-10-25 11:03:35.074  WARN 11336 --- [main] iguration$LoadBalancerCaffeineWarnLogger : Spring Cloud LoadBalancer is currently working with the default cache. You can switch to using Caffeine cache, by adding it and org.springframework.cache.caffeine.CaffeineCacheManager to the classpath.
2021-10-25 11:03:35.091  INFO 11336 --- [main] o.s.b.a.e.web.EndpointLinksResolver      : Exposing 1 endpoint(s) beneath base path '/actuator'
2021-10-25 11:03:35.173  INFO 11336 --- [main] o.s.c.n.eureka.InstanceInfoFactory       : Setting initial instance status as: STARTING
2021-10-25 11:03:35.240  INFO 11336 --- [main] com.netflix.discovery.DiscoveryClient    : Initializing Eureka in region us-east-1
2021-10-25 11:03:35.248  INFO 11336 --- [main] c.n.d.s.r.aws.ConfigClusterResolver      : Resolving eureka endpoints via configuration
2021-10-25 11:03:35.292  INFO 11336 --- [main] com.netflix.discovery.DiscoveryClient    : Disable delta property : false
2021-10-25 11:03:35.292  INFO 11336 --- [main] com.netflix.discovery.DiscoveryClient    : Single vip registry refresh property : null
2021-10-25 11:03:35.292  INFO 11336 --- [main] com.netflix.discovery.DiscoveryClient    : Force full registry fetch : false
2021-10-25 11:03:35.292  INFO 11336 --- [main] com.netflix.discovery.DiscoveryClient    : Application is null : false
2021-10-25 11:03:35.292  INFO 11336 --- [main] com.netflix.discovery.DiscoveryClient    : Registered Applications size is zero : true
2021-10-25 11:03:35.292  INFO 11336 --- [main] com.netflix.discovery.DiscoveryClient    : Application version is -1: true
2021-10-25 11:03:35.293  INFO 11336 --- [main] com.netflix.discovery.DiscoveryClient    : Getting all instance registry info from the eureka server
2021-10-25 11:03:35.734  INFO 11336 --- [main] com.netflix.discovery.DiscoveryClient    : The response status is 200
2021-10-25 11:03:35.736  INFO 11336 --- [main] com.netflix.discovery.DiscoveryClient    : Starting heartbeat executor: renew interval is: 30
2021-10-25 11:03:35.738  INFO 11336 --- [main] c.n.discovery.InstanceInfoReplicator     : InstanceInfoReplicator onDemand update allowed rate per min is 4
2021-10-25 11:03:35.743  INFO 11336 --- [main] com.netflix.discovery.DiscoveryClient    : Discovery Client initialized at timestamp 1635156215742 with initial instances count: 0
2021-10-25 11:03:35.747  INFO 11336 --- [main] o.s.c.n.e.s.EurekaServiceRegistry        : Registering application CLIENT-MS with eureka with status UP
2021-10-25 11:03:35.748  INFO 11336 --- [main] com.netflix.discovery.DiscoveryClient    : Saw local status change event StatusChangeEvent [timestamp=1635156215748, current=UP, previous=STARTING]
2021-10-25 11:03:35.750  INFO 11336 --- [DiscoveryClient-InstanceInfoReplicator-0] com.netflix.discovery.DiscoveryClient    : DiscoveryClient_CLIENT-MS/192.168.1.152:client-ms:8081: registering service...
2021-10-25 11:03:35.779  INFO 11336 --- [main] o.s.b.w.embedded.tomcat.TomcatWebServer  : Tomcat started on port(s): 8081 (http) with context path ''
2021-10-25 11:03:35.780  INFO 11336 --- [main] .s.c.n.e.s.EurekaAutoServiceRegistration : Updating port to 8081
2021-10-25 11:03:35.922  INFO 11336 --- [DiscoveryClient-InstanceInfoReplicator-0] com.netflix.discovery.DiscoveryClient    : DiscoveryClient_CLIENT-MS/192.168.1.152:client-ms:8081 - registration status: 204
2021-10-25 11:03:36.417  INFO 11336 --- [main] tn.esprit.spring.ClientMsApplication     : Started ClientMsApplication in 14.106 seconds (JVM running for 15.267)
2021-10-25 11:04:05.748  INFO 11336 --- [DiscoveryClient-CacheRefreshExecutor-0] com.netflix.discovery.DiscoveryClient    : Disable delta property : false
2021-10-25 11:04:05.749  INFO 11336 --- [DiscoveryClient-CacheRefreshExecutor-0] com.netflix.discovery.DiscoveryClient    : Single vip registry refresh property : null
2021-10-25 11:04:05.749  INFO 11336 --- [DiscoveryClient-CacheRefreshExecutor-0] com.netflix.discovery.DiscoveryClient    : Force full registry fetch : false
2021-10-25 11:04:05.750  INFO 11336 --- [DiscoveryClient-CacheRefreshExecutor-0] com.netflix.discovery.DiscoveryClient    : Application is null : false
2021-10-25 11:04:05.750  INFO 11336 --- [DiscoveryClient-CacheRefreshExecutor-0] com.netflix.discovery.DiscoveryClient    : Registered Applications size is zero : true
2021-10-25 11:04:05.750  INFO 11336 --- [DiscoveryClient-CacheRefreshExecutor-0] com.netflix.discovery.DiscoveryClient    : Application version is -1: false
2021-10-25 11:04:05.751  INFO 11336 --- [DiscoveryClient-CacheRefreshExecutor-0] com.netflix.discovery.DiscoveryClient    : Getting all instance registry info from the eureka server
2021-10-25 11:04:05.805  INFO 11336 --- [DiscoveryClient-CacheRefreshExecutor-0] com.netflix.discovery.DiscoveryClient    : The response status is 200
2021-10-25 11:08:35.297  INFO 11336 --- [AsyncResolver-bootstrap-executor-0] c.n.d.s.r.aws.ConfigClusterResolver      : Resolving eureka endpoints via configuration
2021-10-25 11:11:46.759  INFO 11336 --- [http-nio-8081-exec-1] o.a.c.c.C.[Tomcat].[localhost].[/]       : Initializing Spring DispatcherServlet 'dispatcherServlet'
2021-10-25 11:11:46.759  INFO 11336 --- [http-nio-8081-exec-1] o.s.web.servlet.DispatcherServlet        : Initializing Servlet 'dispatcherServlet'
2021-10-25 11:11:46.762  INFO 11336 --- [http-nio-8081-exec-1] o.s.web.servlet.DispatcherServlet        : Completed initialization in 3 ms
2021-10-25 11:13:35.310  INFO 11336 --- [AsyncResolver-bootstrap-executor-0] c.n.d.s.r.aws.ConfigClusterResolver      : Resolving eureka endpoints via configuration
2021-10-25 11:18:35.315  INFO 11336 --- [AsyncResolver-bootstrap-executor-0] c.n.d.s.r.aws.ConfigClusterResolver      : Resolving eureka endpoints via configuration
2021-10-25 11:23:35.330  INFO 11336 --- [AsyncResolver-bootstrap-executor-0] c.n.d.s.r.aws.ConfigClusterResolver      : Resolving eureka endpoints via configuration
2021-10-25 11:28:35.344  INFO 11336 --- [AsyncResolver-bootstrap-executor-0] c.n.d.s.r.aws.ConfigClusterResolver      : Resolving eureka endpoints via configuration
2021-10-25 11:33:35.352  INFO 11336 --- [AsyncResolver-bootstrap-executor-0] c.n.d.s.r.aws.ConfigClusterResolver      : Resolving eureka endpoints via configuration
2021-10-25 11:38:35.361  INFO 11336 --- [AsyncResolver-bootstrap-executor-0] c.n.d.s.r.aws.ConfigClusterResolver      : Resolving eureka endpoints via configuration
2021-10-25 11:43:35.373  INFO 11336 --- [AsyncResolver-bootstrap-executor-0] c.n.d.s.r.aws.ConfigClusterResolver      : Resolving eureka endpoints via configuration
2021-10-25 11:48:35.377  INFO 11336 --- [AsyncResolver-bootstrap-executor-0] c.n.d.s.r.aws.ConfigClusterResolver      : Resolving eureka endpoints via configuration
2021-10-25 11:53:35.390  INFO 11336 --- [AsyncResolver-bootstrap-executor-0] c.n.d.s.r.aws.ConfigClusterResolver      : Resolving eureka endpoints via configuration
2021-10-25 11:58:35.406  INFO 11336 --- [AsyncResolver-bootstrap-executor-0] c.n.d.s.r.aws.ConfigClusterResolver      : Resolving eureka endpoints via configuration
2021-10-25 12:03:35.409  INFO 11336 --- [AsyncResolver-bootstrap-executor-0] c.n.d.s.r.aws.ConfigClusterResolver      : Resolving eureka endpoints via configuration
2021-10-25 12:08:35.410  INFO 11336 --- [AsyncResolver-bootstrap-executor-0] c.n.d.s.r.aws.ConfigClusterResolver      : Resolving eureka endpoints via configuration
2021-10-25 12:13:35.412  INFO 11336 --- [AsyncResolver-bootstrap-executor-0] c.n.d.s.r.aws.ConfigClusterResolver      : Resolving eureka endpoints via configuration
2021-10-25 12:18:35.422  INFO 11336 --- [AsyncResolver-bootstrap-executor-0] c.n.d.s.r.aws.ConfigClusterResolver      : Resolving eureka endpoints via configuration
2021-10-25 12:23:35.430  INFO 11336 --- [AsyncResolver-bootstrap-executor-0] c.n.d.s.r.aws.ConfigClusterResolver      : Resolving eureka endpoints via configuration
2021-10-25 12:25:10.798  INFO 11336 --- [RMI TCP Connection(2)-127.0.0.1] inMXBeanRegistrar$SpringApplicationAdmin : Application shutdown requested.
2021-10-25 12:25:10.800  INFO 11336 --- [RMI TCP Connection(2)-127.0.0.1] o.s.c.n.e.s.EurekaServiceRegistry        : Unregistering application CLIENT-MS with eureka with status DOWN
2021-10-25 12:25:10.800  INFO 11336 --- [RMI TCP Connection(2)-127.0.0.1] com.netflix.discovery.DiscoveryClient    : Saw local status change event StatusChangeEvent [timestamp=1635161110800, current=DOWN, previous=UP]
2021-10-25 12:25:10.801  INFO 11336 --- [DiscoveryClient-InstanceInfoReplicator-0] com.netflix.discovery.DiscoveryClient    : DiscoveryClient_CLIENT-MS/192.168.1.152:client-ms:8081: registering service...
2021-10-25 12:25:10.811  INFO 11336 --- [DiscoveryClient-InstanceInfoReplicator-0] com.netflix.discovery.DiscoveryClient    : DiscoveryClient_CLIENT-MS/192.168.1.152:client-ms:8081 - registration status: 204
2021-10-25 12:25:11.310  INFO 11336 --- [RMI TCP Connection(2)-127.0.0.1] j.LocalContainerEntityManagerFactoryBean : Closing JPA EntityManagerFactory for persistence unit 'default'
2021-10-25 12:25:11.314  INFO 11336 --- [RMI TCP Connection(2)-127.0.0.1] com.zaxxer.hikari.HikariDataSource       : HikariPool-1 - Shutdown initiated...
2021-10-25 12:25:11.319  INFO 11336 --- [RMI TCP Connection(2)-127.0.0.1] com.zaxxer.hikari.HikariDataSource       : HikariPool-1 - Shutdown completed.
2021-10-25 12:25:11.321  INFO 11336 --- [RMI TCP Connection(2)-127.0.0.1] com.netflix.discovery.DiscoveryClient    : Shutting down DiscoveryClient ...
2021-10-25 12:25:14.331  INFO 11336 --- [RMI TCP Connection(2)-127.0.0.1] com.netflix.discovery.DiscoveryClient    : Unregistering ...
2021-10-25 12:25:14.347  INFO 11336 --- [RMI TCP Connection(2)-127.0.0.1] com.netflix.discovery.DiscoveryClient    : DiscoveryClient_CLIENT-MS/192.168.1.152:client-ms:8081 - deregister  status: 200
2021-10-25 12:25:14.353  INFO 11336 --- [RMI TCP Connection(2)-127.0.0.1] com.netflix.discovery.DiscoveryClient    : Completed shut down of DiscoveryClient
2021-10-25 12:25:22.262  INFO 15932 --- [main] tn.esprit.spring.ClientMsApplication     : Starting ClientMsApplication using Java 1.8.0_60 on LAPTOP-L08N06DS with PID 15932 (C:\Users\eyabe\Documents\GitHub\Client-ms\target\classes started by eyabe in C:\Users\eyabe\Documents\GitHub\Client-ms)
2021-10-25 12:25:22.264  INFO 15932 --- [main] tn.esprit.spring.ClientMsApplication     : No active profile set, falling back to default profiles: default
2021-10-25 12:25:22.309  INFO 15932 --- [main] o.s.b.context.config.ConfigDataLoader    : Fetching config from server at : http://localhost:8081/
2021-10-25 12:25:22.309  INFO 15932 --- [main] o.s.b.context.config.ConfigDataLoader    : Connect Timeout Exception on Url - http://localhost:8081/. Will be trying the next url if available
2021-10-25 12:25:22.309  WARN 15932 --- [main] o.s.b.context.config.ConfigDataLoader    : Could not locate PropertySource ([ConfigServerConfigDataResource@6a55299e uris = array<String>['http://localhost:8081/'], optional = true, profiles = list['default']]): I/O error on GET request for "http://localhost:8081/client-ms/default": Connection refused: connect; nested exception is java.net.ConnectException: Connection refused: connect
2021-10-25 12:25:23.345  INFO 15932 --- [main] .s.d.r.c.RepositoryConfigurationDelegate : Multiple Spring Data modules found, entering strict repository configuration mode!
2021-10-25 12:25:23.347  INFO 15932 --- [main] .s.d.r.c.RepositoryConfigurationDelegate : Bootstrapping Spring Data JDBC repositories in DEFAULT mode.
2021-10-25 12:25:23.383  INFO 15932 --- [main] .RepositoryConfigurationExtensionSupport : Spring Data JDBC - Could not safely identify store assignment for repository candidate interface tn.esprit.spring.repository.ClientRepository. If you want this repository to be a JDBC repository, consider annotating your entities with one of these annotations: org.springframework.data.relational.core.mapping.Table.
2021-10-25 12:25:23.384  INFO 15932 --- [main] .s.d.r.c.RepositoryConfigurationDelegate : Finished Spring Data repository scanning in 32 ms. Found 0 JDBC repository interfaces.
2021-10-25 12:25:23.395  INFO 15932 --- [main] .s.d.r.c.RepositoryConfigurationDelegate : Multiple Spring Data modules found, entering strict repository configuration mode!
2021-10-25 12:25:23.396  INFO 15932 --- [main] .s.d.r.c.RepositoryConfigurationDelegate : Bootstrapping Spring Data JPA repositories in DEFAULT mode.
2021-10-25 12:25:23.603  INFO 15932 --- [main] .s.d.r.c.RepositoryConfigurationDelegate : Finished Spring Data repository scanning in 198 ms. Found 1 JPA repository interfaces.
2021-10-25 12:25:23.978  INFO 15932 --- [main] o.s.cloud.context.scope.GenericScope     : BeanFactory id=2173f91c-f750-3541-b1f7-dc972b1b6393
2021-10-25 12:25:24.601  INFO 15932 --- [main] o.s.b.w.embedded.tomcat.TomcatWebServer  : Tomcat initialized with port(s): 8081 (http)
2021-10-25 12:25:24.616  INFO 15932 --- [main] o.apache.catalina.core.StandardService   : Starting service [Tomcat]
2021-10-25 12:25:24.616  INFO 15932 --- [main] org.apache.catalina.core.StandardEngine  : Starting Servlet engine: [Apache Tomcat/9.0.54]
2021-10-25 12:25:24.766  INFO 15932 --- [main] o.a.c.c.C.[Tomcat].[localhost].[/]       : Initializing Spring embedded WebApplicationContext
2021-10-25 12:25:24.766  INFO 15932 --- [main] w.s.c.ServletWebServerApplicationContext : Root WebApplicationContext: initialization completed in 2455 ms
2021-10-25 12:25:25.368  INFO 15932 --- [main] o.hibernate.jpa.internal.util.LogHelper  : HHH000204: Processing PersistenceUnitInfo [name: default]
2021-10-25 12:25:25.438  INFO 15932 --- [main] org.hibernate.Version                    : HHH000412: Hibernate ORM core version 5.4.32.Final
2021-10-25 12:25:25.625  INFO 15932 --- [main] o.hibernate.annotations.common.Version   : HCANN000001: Hibernate Commons Annotations {5.1.2.Final}
2021-10-25 12:25:25.772  INFO 15932 --- [main] com.zaxxer.hikari.HikariDataSource       : HikariPool-1 - Starting...
2021-10-25 12:25:25.981  INFO 15932 --- [main] com.zaxxer.hikari.HikariDataSource       : HikariPool-1 - Start completed.
2021-10-25 12:25:26.002  INFO 15932 --- [main] org.hibernate.dialect.Dialect            : HHH000400: Using dialect: org.hibernate.dialect.MySQL5InnoDBDialect
2021-10-25 12:25:26.726  INFO 15932 --- [main] o.h.e.t.j.p.i.JtaPlatformInitiator       : HHH000490: Using JtaPlatform implementation: [org.hibernate.engine.transaction.jta.platform.internal.NoJtaPlatform]
2021-10-25 12:25:26.738  INFO 15932 --- [main] j.LocalContainerEntityManagerFactoryBean : Initialized JPA EntityManagerFactory for persistence unit 'default'
2021-10-25 12:25:27.460  WARN 15932 --- [main] JpaBaseConfiguration$JpaWebConfiguration : spring.jpa.open-in-view is enabled by default. Therefore, database queries may be performed during view rendering. Explicitly configure spring.jpa.open-in-view to disable this warning
2021-10-25 12:25:30.544  INFO 15932 --- [main] DiscoveryClientOptionalArgsConfiguration : Eureka HTTP Client uses RestTemplate.
2021-10-25 12:25:30.706  WARN 15932 --- [main] iguration$LoadBalancerCaffeineWarnLogger : Spring Cloud LoadBalancer is currently working with the default cache. You can switch to using Caffeine cache, by adding it and org.springframework.cache.caffeine.CaffeineCacheManager to the classpath.
2021-10-25 12:25:30.718  INFO 15932 --- [main] o.s.b.a.e.web.EndpointLinksResolver      : Exposing 1 endpoint(s) beneath base path '/actuator'
2021-10-25 12:25:30.788  INFO 15932 --- [main] o.s.c.n.eureka.InstanceInfoFactory       : Setting initial instance status as: STARTING
2021-10-25 12:25:30.841  INFO 15932 --- [main] com.netflix.discovery.DiscoveryClient    : Initializing Eureka in region us-east-1
2021-10-25 12:25:30.848  INFO 15932 --- [main] c.n.d.s.r.aws.ConfigClusterResolver      : Resolving eureka endpoints via configuration
2021-10-25 12:25:30.884  INFO 15932 --- [main] com.netflix.discovery.DiscoveryClient    : Disable delta property : false
2021-10-25 12:25:30.884  INFO 15932 --- [main] com.netflix.discovery.DiscoveryClient    : Single vip registry refresh property : null
2021-10-25 12:25:30.884  INFO 15932 --- [main] com.netflix.discovery.DiscoveryClient    : Force full registry fetch : false
2021-10-25 12:25:30.885  INFO 15932 --- [main] com.netflix.discovery.DiscoveryClient    : Application is null : false
2021-10-25 12:25:30.885  INFO 15932 --- [main] com.netflix.discovery.DiscoveryClient    : Registered Applications size is zero : true
2021-10-25 12:25:30.885  INFO 15932 --- [main] com.netflix.discovery.DiscoveryClient    : Application version is -1: true
2021-10-25 12:25:30.885  INFO 15932 --- [main] com.netflix.discovery.DiscoveryClient    : Getting all instance registry info from the eureka server
2021-10-25 12:25:31.226  INFO 15932 --- [main] com.netflix.discovery.DiscoveryClient    : The response status is 200
2021-10-25 12:25:31.229  INFO 15932 --- [main] com.netflix.discovery.DiscoveryClient    : Starting heartbeat executor: renew interval is: 30
2021-10-25 12:25:31.233  INFO 15932 --- [main] c.n.discovery.InstanceInfoReplicator     : InstanceInfoReplicator onDemand update allowed rate per min is 4
2021-10-25 12:25:31.238  INFO 15932 --- [main] com.netflix.discovery.DiscoveryClient    : Discovery Client initialized at timestamp 1635161131237 with initial instances count: 2
2021-10-25 12:25:31.243  INFO 15932 --- [main] o.s.c.n.e.s.EurekaServiceRegistry        : Registering application CLIENT-MS with eureka with status UP
2021-10-25 12:25:31.244  INFO 15932 --- [main] com.netflix.discovery.DiscoveryClient    : Saw local status change event StatusChangeEvent [timestamp=1635161131244, current=UP, previous=STARTING]
2021-10-25 12:25:31.246  INFO 15932 --- [DiscoveryClient-InstanceInfoReplicator-0] com.netflix.discovery.DiscoveryClient    : DiscoveryClient_CLIENT-MS/192.168.1.152:client-ms:8081: registering service...
2021-10-25 12:25:31.281  INFO 15932 --- [main] o.s.b.w.embedded.tomcat.TomcatWebServer  : Tomcat started on port(s): 8081 (http) with context path ''
2021-10-25 12:25:31.282  INFO 15932 --- [main] .s.c.n.e.s.EurekaAutoServiceRegistration : Updating port to 8081
2021-10-25 12:25:31.313  INFO 15932 --- [DiscoveryClient-InstanceInfoReplicator-0] com.netflix.discovery.DiscoveryClient    : DiscoveryClient_CLIENT-MS/192.168.1.152:client-ms:8081 - registration status: 204
2021-10-25 12:25:32.030  INFO 15932 --- [main] tn.esprit.spring.ClientMsApplication     : Started ClientMsApplication in 13.672 seconds (JVM running for 14.918)
2021-10-25 12:25:43.317  INFO 15932 --- [http-nio-8081-exec-1] o.a.c.c.C.[Tomcat].[localhost].[/]       : Initializing Spring DispatcherServlet 'dispatcherServlet'
2021-10-25 12:25:43.317  INFO 15932 --- [http-nio-8081-exec-1] o.s.web.servlet.DispatcherServlet        : Initializing Servlet 'dispatcherServlet'
2021-10-25 12:25:43.319  INFO 15932 --- [http-nio-8081-exec-1] o.s.web.servlet.DispatcherServlet        : Completed initialization in 1 ms
2021-10-25 12:30:30.887  INFO 15932 --- [AsyncResolver-bootstrap-executor-0] c.n.d.s.r.aws.ConfigClusterResolver      : Resolving eureka endpoints via configuration
2021-10-25 12:35:30.903  INFO 15932 --- [AsyncResolver-bootstrap-executor-0] c.n.d.s.r.aws.ConfigClusterResolver      : Resolving eureka endpoints via configuration
2021-10-25 12:46:11.517  WARN 15932 --- [HikariPool-1 housekeeper] com.zaxxer.hikari.pool.HikariPool        : HikariPool-1 - Thread starvation or clock leap detected (housekeeper delta=7m15s227ms557µs500ns).
2021-10-25 12:59:36.470  INFO 15932 --- [AsyncResolver-bootstrap-executor-0] c.n.d.s.r.aws.ConfigClusterResolver      : Resolving eureka endpoints via configuration
2021-10-25 13:00:01.877  WARN 15932 --- [HikariPool-1 housekeeper] com.zaxxer.hikari.pool.HikariPool        : HikariPool-1 - Thread starvation or clock leap detected (housekeeper delta=12m50s366ms418µs).
2021-10-25 13:04:36.472  INFO 15932 --- [AsyncResolver-bootstrap-executor-0] c.n.d.s.r.aws.ConfigClusterResolver      : Resolving eureka endpoints via configuration
2021-10-25 13:09:36.480  INFO 15932 --- [AsyncResolver-bootstrap-executor-0] c.n.d.s.r.aws.ConfigClusterResolver      : Resolving eureka endpoints via configuration
2021-10-25 13:14:36.486  INFO 15932 --- [AsyncResolver-bootstrap-executor-0] c.n.d.s.r.aws.ConfigClusterResolver      : Resolving eureka endpoints via configuration
2021-10-25 13:19:36.496  INFO 15932 --- [AsyncResolver-bootstrap-executor-0] c.n.d.s.r.aws.ConfigClusterResolver      : Resolving eureka endpoints via configuration
2021-10-25 13:24:36.498  INFO 15932 --- [AsyncResolver-bootstrap-executor-0] c.n.d.s.r.aws.ConfigClusterResolver      : Resolving eureka endpoints via configuration
2021-10-25 13:29:36.503  INFO 15932 --- [AsyncResolver-bootstrap-executor-0] c.n.d.s.r.aws.ConfigClusterResolver      : Resolving eureka endpoints via configuration
